# JRE version: Java(TM) SE Runtime Environment (8.0_231-b11) (build 1.8.0_231-b11)
# Java VM: Java HotSpot(TM) 64-Bit Server VM (25.231-b11 mixed mode windows-amd64 compressed oops)
Heap:
 PSYoungGen      total 537600K, used 413185K [0x00000000daf80000, 0x0000000100000000, 0x0000000100000000)
  eden space 503296K, 75% used [0x00000000daf80000,0x00000000f21806f8,0x00000000f9b00000)
  from space 34304K, 100% used [0x00000000fde80000,0x0000000100000000,0x0000000100000000)
  to   space 51712K, 0% used [0x00000000f9b00000,0x00000000f9b00000,0x00000000fcd80000)
 ParOldGen       total 295424K, used 258627K [0x0000000090e00000, 0x00000000a2e80000, 0x00000000daf80000)
  object space 295424K, 87% used [0x0000000090e00000,0x00000000a0a90dc0,0x00000000a2e80000)
 Metaspace       used 72490K, capacity 78016K, committed 79576K, reserved 1118208K
  class space    used 8762K, capacity 10406K, committed 10752K, reserved 1048576K
GC Heap History (10 events):
Event: 19095.536 GC heap before
{Heap before GC invocations=214 (full 14):
 PSYoungGen      total 569856K, used 541433K [0x00000000daf80000, 0x00000000ffe00000, 0x0000000100000000)
  eden space 539136K, 100% used [0x00000000daf80000,0x00000000fbe00000,0x00000000fbe00000)
  from space 30720K, 7% used [0x00000000fbe00000,0x00000000fc03e5c8,0x00000000fdc00000)
  to   space 28672K, 0% used [0x00000000fe200000,0x00000000fe200000,0x00000000ffe00000)
 ParOldGen       total 295424K, used 199774K [0x0000000090e00000, 0x00000000a2e80000, 0x00000000daf80000)
  object space 295424K, 67% used [0x0000000090e00000,0x000000009d117808,0x00000000a2e80000)
 Metaspace       used 71820K, capacity 76494K, committed 79448K, reserved 1118208K
  class space    used 8660K, capacity 10194K, committed 10624K, reserved 1048576K
Event: 19095.543 GC heap after
Heap after GC invocations=214 (full 14):
 PSYoungGen      total 572928K, used 576K [0x00000000daf80000, 0x00000000ffb00000, 0x0000000100000000)
  eden space 547328K, 0% used [0x00000000daf80000,0x00000000daf80000,0x00000000fc600000)
  from space 25600K, 2% used [0x00000000fe200000,0x00000000fe290000,0x00000000ffb00000)
  to   space 27136K, 0% used [0x00000000fc600000,0x00000000fc600000,0x00000000fe080000)
 ParOldGen       total 295424K, used 201390K [0x0000000090e00000, 0x00000000a2e80000, 0x00000000daf80000)
  object space 295424K, 68% used [0x0000000090e00000,0x000000009d2ab848,0x00000000a2e80000)
 Metaspace       used 71820K, capacity 76494K, committed 79448K, reserved 1118208K
  class space    used 8660K, capacity 10194K, committed 10624K, reserved 1048576K
}
Event: 19121.842 GC heap before
{Heap before GC invocations=215 (full 14):
 PSYoungGen      total 572928K, used 547904K [0x00000000daf80000, 0x00000000ffb00000, 0x0000000100000000)
  eden space 547328K, 100% used [0x00000000daf80000,0x00000000fc600000,0x00000000fc600000)
  from space 25600K, 2% used [0x00000000fe200000,0x00000000fe290000,0x00000000ffb00000)
  to   space 27136K, 0% used [0x00000000fc600000,0x00000000fc600000,0x00000000fe080000)
 ParOldGen       total 295424K, used 201390K [0x0000000090e00000, 0x00000000a2e80000, 0x00000000daf80000)
  object space 295424K, 68% used [0x0000000090e00000,0x000000009d2ab848,0x00000000a2e80000)
 Metaspace       used 72279K, capacity 77720K, committed 79576K, reserved 1118208K
  class space    used 8745K, capacity 10368K, committed 10752K, reserved 1048576K
Event: 19121.868 GC heap after
Heap after GC invocations=215 (full 14):
 PSYoungGen      total 574464K, used 27105K [0x00000000daf80000, 0x0000000100000000, 0x0000000100000000)
  eden space 547328K, 0% used [0x00000000daf80000,0x00000000daf80000,0x00000000fc600000)
  from space 27136K, 99% used [0x00000000fc600000,0x00000000fe078530,0x00000000fe080000)
  to   space 32256K, 0% used [0x00000000fe080000,0x00000000fe080000,0x0000000100000000)
 ParOldGen       total 295424K, used 207666K [0x0000000090e00000, 0x00000000a2e80000, 0x00000000daf80000)
  object space 295424K, 70% used [0x0000000090e00000,0x000000009d8cca20,0x00000000a2e80000)
 Metaspace       used 72279K, capacity 77720K, committed 79576K, reserved 1118208K
  class space    used 8745K, capacity 10368K, committed 10752K, reserved 1048576K
}
Event: 19123.780 GC heap before
{Heap before GC invocations=216 (full 14):
 PSYoungGen      total 574464K, used 574433K [0x00000000daf80000, 0x0000000100000000, 0x0000000100000000)
  eden space 547328K, 100% used [0x00000000daf80000,0x00000000fc600000,0x00000000fc600000)
  from space 27136K, 99% used [0x00000000fc600000,0x00000000fe078530,0x00000000fe080000)
  to   space 32256K, 0% used [0x00000000fe080000,0x00000000fe080000,0x0000000100000000)
 ParOldGen       total 295424K, used 207666K [0x0000000090e00000, 0x00000000a2e80000, 0x00000000daf80000)
  object space 295424K, 70% used [0x0000000090e00000,0x000000009d8cca20,0x00000000a2e80000)
 Metaspace       used 72367K, capacity 77932K, committed 79576K, reserved 1118208K
  class space    used 8759K, capacity 10402K, committed 10752K, reserved 1048576K
Event: 19123.816 GC heap after
Heap after GC invocations=216 (full 14):
 PSYoungGen      total 573440K, used 7016K [0x00000000daf80000, 0x0000000100000000, 0x0000000100000000)
  eden space 541184K, 0% used [0x00000000daf80000,0x00000000daf80000,0x00000000fc000000)
  from space 32256K, 21% used [0x00000000fe080000,0x00000000fe75a110,0x0000000100000000)
  to   space 32768K, 0% used [0x00000000fc000000,0x00000000fc000000,0x00000000fe000000)
 ParOldGen       total 295424K, used 234617K [0x0000000090e00000, 0x00000000a2e80000, 0x00000000daf80000)
  object space 295424K, 79% used [0x0000000090e00000,0x000000009f31e4d0,0x00000000a2e80000)
 Metaspace       used 72367K, capacity 77932K, committed 79576K, reserved 1118208K
  class space    used 8759K, capacity 10402K, committed 10752K, reserved 1048576K
}
Event: 19127.593 GC heap before
{Heap before GC invocations=217 (full 14):
 PSYoungGen      total 573440K, used 548200K [0x00000000daf80000, 0x0000000100000000, 0x0000000100000000)
  eden space 541184K, 100% used [0x00000000daf80000,0x00000000fc000000,0x00000000fc000000)
  from space 32256K, 21% used [0x00000000fe080000,0x00000000fe75a110,0x0000000100000000)
  to   space 32768K, 0% used [0x00000000fc000000,0x00000000fc000000,0x00000000fe000000)
 ParOldGen       total 295424K, used 234617K [0x0000000090e00000, 0x00000000a2e80000, 0x00000000daf80000)
  object space 295424K, 79% used [0x0000000090e00000,0x000000009f31e4d0,0x00000000a2e80000)
 Metaspace       used 72382K, capacity 77932K, committed 79576K, reserved 1118208K
  class space    used 8759K, capacity 10402K, committed 10752K, reserved 1048576K
Event: 19127.618 GC heap after
Heap after GC invocations=217 (full 14):
 PSYoungGen      total 572416K, used 31070K [0x00000000daf80000, 0x0000000100000000, 0x0000000100000000)
  eden space 541184K, 0% used [0x00000000daf80000,0x00000000daf80000,0x00000000fc000000)
  from space 31232K, 99% used [0x00000000fc000000,0x00000000fde578c0,0x00000000fde80000)
  to   space 34304K, 0% used [0x00000000fde80000,0x00000000fde80000,0x0000000100000000)
 ParOldGen       total 295424K, used 241282K [0x0000000090e00000, 0x00000000a2e80000, 0x00000000daf80000)
  object space 295424K, 81% used [0x0000000090e00000,0x000000009f9a0940,0x00000000a2e80000)
 Metaspace       used 72382K, capacity 77932K, committed 79576K, reserved 1118208K
  class space    used 8759K, capacity 10402K, committed 10752K, reserved 1048576K
}
Event: 22892.291 GC heap before
{Heap before GC invocations=218 (full 14):
 PSYoungGen      total 572416K, used 572254K [0x00000000daf80000, 0x0000000100000000, 0x0000000100000000)
  eden space 541184K, 100% used [0x00000000daf80000,0x00000000fc000000,0x00000000fc000000)
  from space 31232K, 99% used [0x00000000fc000000,0x00000000fde578c0,0x00000000fde80000)
  to   space 34304K, 0% used [0x00000000fde80000,0x00000000fde80000,0x0000000100000000)
 ParOldGen       total 295424K, used 241282K [0x0000000090e00000, 0x00000000a2e80000, 0x00000000daf80000)
  object space 295424K, 81% used [0x0000000090e00000,0x000000009f9a0940,0x00000000a2e80000)
 Metaspace       used 72436K, capacity 78016K, committed 79576K, reserved 1118208K
  class space    used 8762K, capacity 10406K, committed 10752K, reserved 1048576K
Event: 22892.480 GC heap after
Heap after GC invocations=218 (full 14):
 PSYoungGen      total 537600K, used 34304K [0x00000000daf80000, 0x0000000100000000, 0x0000000100000000)
  eden space 503296K, 0% used [0x00000000daf80000,0x00000000daf80000,0x00000000f9b00000)
  from space 34304K, 100% used [0x00000000fde80000,0x0000000100000000,0x0000000100000000)
  to   space 51712K, 0% used [0x00000000f9b00000,0x00000000f9b00000,0x00000000fcd80000)
 ParOldGen       total 295424K, used 258627K [0x0000000090e00000, 0x00000000a2e80000, 0x00000000daf80000)
  object space 295424K, 87% used [0x0000000090e00000,0x00000000a0a90dc0,0x00000000a2e80000)
 Metaspace       used 72436K, capacity 78016K, committed 79576K, reserved 1118208K
  class space    used 8762K, capacity 10406K, committed 10752K, reserved 1048576K
}

